<?xml version="1.0" encoding="UTF-8"?>
<!-- Generated by org.testng.reporters.JUnitXMLReporter -->
<testsuite ignored="0" hostname="JDW10STD01262" failures="1" tests="2" name="Samsung 7S Edge" time="7.786" errors="0" timestamp="15 Dec 2020 07:06:33 GMT">
  <testcase classname="com.web.automation.accelerators.TestEngineWeb" name="@BeforeMethod beforeMethod" time="0.224">
    <failure type="java.lang.NullPointerException">
      <![CDATA[java.lang.NullPointerException
at com.web.automation.accelerators.TestEngineWeb.beforeMethod(TestEngineWeb.java:991)
at java.base/java.util.concurrent.FutureTask.run(FutureTask.java:264)
at java.base/java.util.concurrent.ThreadPoolExecutor.runWorker(ThreadPoolExecutor.java:1128)
at java.base/java.util.concurrent.ThreadPoolExecutor$Worker.run(ThreadPoolExecutor.java:628)
at java.base/java.lang.Thread.run(Thread.java:834)
... Removed 19 stack frames]]>
    </failure>
  </testcase> <!-- @BeforeMethod beforeMethod -->
  <testcase classname="com.mobile.automation.scripts.JDendtoendflowwithAppiumGrid" name="JDEndtoendFlowPath" time="0.0">
    <skipped/>
  </testcase> <!-- JDEndtoendFlowPath -->
  <testcase classname="com.mobile.automation.scripts.JDendtoendflowwithAppiumGrid" name="JDEndtoendFlowPath" time="1.192">
    <failure type="java.lang.NullPointerException">
      <![CDATA[java.lang.NullPointerException
at com.web.automation.listeners.ExecutionListener.onTestSkipped(ExecutionListener.java:77)
at java.base/java.util.concurrent.FutureTask.run(FutureTask.java:264)
at java.base/java.util.concurrent.ThreadPoolExecutor.runWorker(ThreadPoolExecutor.java:1128)
at java.base/java.util.concurrent.ThreadPoolExecutor$Worker.run(ThreadPoolExecutor.java:628)
at java.base/java.lang.Thread.run(Thread.java:834)
... Removed 14 stack frames]]>
    </failure>
  </testcase> <!-- JDEndtoendFlowPath -->
</testsuite> <!-- Samsung 7S Edge -->
