<?xml version="1.0" encoding="UTF-8"?>
<!-- Generated by org.testng.reporters.JUnitXMLReporter -->
<testsuite ignored="0" hostname="JDW10STD01262" failures="1" tests="1" name="Samsung Galaxy Tab" time="6.699" errors="0" timestamp="15 Dec 2020 06:53:06 GMT">
  <testcase classname="com.mobile.automation.scripts.JDendtoendflowwithAppiumGrid" name="JDEndtoendFlowPath" time="0.0">
    <failure type="org.testng.TestNGException" message="
Parameter &amp;apos;deviceName&amp;apos; is required by @Test on method JDEndtoendFlowPath but has not been marked @Optional or defined
in C:\appiumjava\AppiumDemo\testng_xmls\testngGRID.xml">
      <![CDATA[org.testng.TestNGException: 
Parameter 'deviceName' is required by @Test on method JDEndtoendFlowPath but has not been marked @Optional or defined
in C:\appiumjava\AppiumDemo\testng_xmls\testngGRID.xml
at java.base/java.util.concurrent.FutureTask.run(FutureTask.java:264)
at java.base/java.util.concurrent.ThreadPoolExecutor.runWorker(ThreadPoolExecutor.java:1128)
at java.base/java.util.concurrent.ThreadPoolExecutor$Worker.run(ThreadPoolExecutor.java:628)
at java.base/java.lang.Thread.run(Thread.java:834)
... Removed 15 stack frames]]>
    </failure>
  </testcase> <!-- JDEndtoendFlowPath -->
</testsuite> <!-- Samsung Galaxy Tab -->
