<?xml version="1.0" encoding="UTF-8"?>
<testng-results ignored="0" total="1" passed="1" failed="0" skipped="0">
  <reporter-output>
    <line>
      <![CDATA[About to begin executing Suite :- Selenium-Automation]]>
    </line>
    <line>
      <![CDATA[About to begin executing method :- TestEngineWeb.beforeSuite]]>
    </line>
    <line>
      <![CDATA[Completed executing method  :- TestEngineWeb.beforeSuite]]>
    </line>
    <line>
      <![CDATA[About to begin executing Test :- Test-mobile-native]]>
    </line>
    <line>
      <![CDATA[About to begin executing method :- TestEngineWeb.beforeTest]]>
    </line>
    <line>
      <![CDATA[Completed executing method  :- TestEngineWeb.beforeTest]]>
    </line>
    <line>
      <![CDATA[About to begin executing method :- TestEngineWeb.beforeClass]]>
    </line>
    <line>
      <![CDATA[Completed executing method  :- TestEngineWeb.beforeClass]]>
    </line>
    <line>
      <![CDATA[About to begin executing method :- TestEngineWeb.beforeMethod]]>
    </line>
    <line>
      <![CDATA[Completed executing method  :- TestEngineWeb.beforeMethod]]>
    </line>
    <line>
      <![CDATA[About to begin executing method :- JDendtoendflowwithAppium.beforeMethod]]>
    </line>
    <line>
      <![CDATA[Completed executing method  :- JDendtoendflowwithAppium.beforeMethod]]>
    </line>
    <line>
      <![CDATA[About to begin Test :- JDEndtoendFlowPath]]>
    </line>
    <line>
      <![CDATA[About to begin executing method :- JDendtoendflowwithAppium.JDEndtoendFlowPath]]>
    </line>
    <line>
      <![CDATA[Completed executing method  :- JDendtoendflowwithAppium.JDEndtoendFlowPath]]>
    </line>
    <line>
      <![CDATA[About to begin executing method :- JDendtoendflowwithAppium.afterMethod]]>
    </line>
    <line>
      <![CDATA[Completed executing method  :- JDendtoendflowwithAppium.afterMethod]]>
    </line>
    <line>
      <![CDATA[About to begin executing method :- TestEngineWeb.afterMethod]]>
    </line>
    <line>
      <![CDATA[Completed executing method  :- TestEngineWeb.afterMethod]]>
    </line>
    <line>
      <![CDATA[About to begin executing method :- TestEngineWeb.afterClass]]>
    </line>
    <line>
      <![CDATA[Completed executing method  :- TestEngineWeb.afterClass]]>
    </line>
    <line>
      <![CDATA[About to begin executing method :- TestEngineWeb.afterTest]]>
    </line>
    <line>
      <![CDATA[Completed executing method  :- TestEngineWeb.afterTest]]>
    </line>
    <line>
      <![CDATA[About to begin executing method :- TestEngineWeb.afterSuite]]>
    </line>
    <line>
      <![CDATA[Completed executing method  :- TestEngineWeb.afterSuite]]>
    </line>
  </reporter-output>
  <suite started-at="2021-05-21T12:22:46Z" name="Selenium-Automation" finished-at="2021-05-21T12:23:26Z" duration-ms="40229">
    <groups>
    </groups>
    <test started-at="2021-05-21T12:22:46Z" name="Test-mobile-native" finished-at="2021-05-21T12:23:26Z" duration-ms="40229">
      <class name="com.mobile.automation.scripts.JDendtoendflowwithAppium">
        <test-method is-config="true" signature="beforeSuite(org.testng.ITestContext)[pri:0, instance:com.mobile.automation.scripts.JDendtoendflowwithAppium@6692b6c6]" started-at="2021-05-21T12:22:46Z" name="beforeSuite" finished-at="2021-05-21T12:22:46Z" duration-ms="65" status="PASS">
          <params>
            <param index="0">
              <value>
                <![CDATA[org.testng.TestRunner@b6b1987]]>
              </value>
            </param>
          </params>
          <reporter-output>
            <line>
              <![CDATA[Completed executing method  :- TestEngineWeb.beforeSuite]]>
            </line>
          </reporter-output>
        </test-method> <!-- beforeSuite -->
        <test-method is-config="true" signature="beforeTest(org.testng.ITestContext)[pri:0, instance:com.mobile.automation.scripts.JDendtoendflowwithAppium@6692b6c6]" started-at="2021-05-21T12:22:46Z" name="beforeTest" finished-at="2021-05-21T12:22:48Z" duration-ms="1605" status="PASS">
          <params>
            <param index="0">
              <value>
                <![CDATA[org.testng.TestRunner@b6b1987]]>
              </value>
            </param>
          </params>
          <reporter-output>
            <line>
              <![CDATA[Completed executing method  :- TestEngineWeb.beforeTest]]>
            </line>
          </reporter-output>
        </test-method> <!-- beforeTest -->
        <test-method is-config="true" signature="beforeClass()[pri:0, instance:com.mobile.automation.scripts.JDendtoendflowwithAppium@6692b6c6]" started-at="2021-05-21T12:22:48Z" name="beforeClass" finished-at="2021-05-21T12:22:48Z" duration-ms="47" status="PASS">
          <reporter-output>
            <line>
              <![CDATA[Completed executing method  :- TestEngineWeb.beforeClass]]>
            </line>
          </reporter-output>
        </test-method> <!-- beforeClass -->
        <test-method is-config="true" signature="beforeMethod(java.lang.reflect.Method)[pri:0, instance:com.mobile.automation.scripts.JDendtoendflowwithAppium@6692b6c6]" started-at="2021-05-21T12:22:48Z" name="beforeMethod" finished-at="2021-05-21T12:22:48Z" duration-ms="428" status="PASS">
          <params>
            <param index="0">
              <value>
                <![CDATA[public void com.mobile.automation.scripts.JDendtoendflowwithAppium.JDEndtoendFlowPath()]]>
              </value>
            </param>
          </params>
          <reporter-output>
            <line>
              <![CDATA[Completed executing method  :- TestEngineWeb.beforeMethod]]>
            </line>
          </reporter-output>
        </test-method> <!-- beforeMethod -->
        <test-method is-config="true" signature="beforeMethod()[pri:0, instance:com.mobile.automation.scripts.JDendtoendflowwithAppium@6692b6c6]" started-at="2021-05-21T12:22:48Z" name="beforeMethod" finished-at="2021-05-21T12:22:49Z" duration-ms="1069" status="PASS">
          <reporter-output>
            <line>
              <![CDATA[Completed executing method  :- JDendtoendflowwithAppium.beforeMethod]]>
            </line>
          </reporter-output>
        </test-method> <!-- beforeMethod -->
        <test-method signature="JDEndtoendFlowPath()[pri:1, instance:com.mobile.automation.scripts.JDendtoendflowwithAppium@6692b6c6]" started-at="2021-05-21T12:22:49Z" name="JDEndtoendFlowPath" finished-at="2021-05-21T12:23:20Z" duration-ms="30561" status="PASS">
          <reporter-output>
            <line>
              <![CDATA[About to begin Test :- JDEndtoendFlowPath]]>
            </line>
            <line>
              <![CDATA[About to begin executing method :- JDendtoendflowwithAppium.JDEndtoendFlowPath]]>
            </line>
            <line>
              <![CDATA[Completed executing method  :- JDendtoendflowwithAppium.JDEndtoendFlowPath]]>
            </line>
            <line>
              <![CDATA[About to begin executing method :- JDendtoendflowwithAppium.afterMethod]]>
            </line>
          </reporter-output>
        </test-method> <!-- JDEndtoendFlowPath -->
        <test-method is-config="true" signature="afterMethod()[pri:0, instance:com.mobile.automation.scripts.JDendtoendflowwithAppium@6692b6c6]" started-at="2021-05-21T12:23:20Z" name="afterMethod" finished-at="2021-05-21T12:23:20Z" duration-ms="2" status="PASS">
          <reporter-output>
            <line>
              <![CDATA[Completed executing method  :- JDendtoendflowwithAppium.afterMethod]]>
            </line>
          </reporter-output>
        </test-method> <!-- afterMethod -->
        <test-method is-config="true" signature="afterMethod(java.lang.reflect.Method, org.testng.ITestResult)[pri:0, instance:com.mobile.automation.scripts.JDendtoendflowwithAppium@6692b6c6]" started-at="2021-05-21T12:23:20Z" name="afterMethod" finished-at="2021-05-21T12:23:20Z" duration-ms="440" status="PASS">
          <params>
            <param index="0">
              <value>
                <![CDATA[public void com.mobile.automation.scripts.JDendtoendflowwithAppium.JDEndtoendFlowPath()]]>
              </value>
            </param>
            <param index="1">
              <value>
                <![CDATA[[TestResult name=JDEndtoendFlowPath status=SUCCESS method=JDendtoendflowwithAppium.JDEndtoendFlowPath()[pri:1, instance:com.mobile.automation.scripts.JDendtoendflowwithAppium@6692b6c6] output=About to begin Test :- JDEndtoendFlowPath]]]>
              </value>
            </param>
          </params>
          <reporter-output>
            <line>
              <![CDATA[Completed executing method  :- TestEngineWeb.afterMethod]]>
            </line>
          </reporter-output>
        </test-method> <!-- afterMethod -->
        <test-method is-config="true" signature="afterClass()[pri:0, instance:com.mobile.automation.scripts.JDendtoendflowwithAppium@6692b6c6]" started-at="2021-05-21T12:23:20Z" name="afterClass" finished-at="2021-05-21T12:23:25Z" duration-ms="5001" status="PASS">
          <reporter-output>
            <line>
              <![CDATA[Completed executing method  :- TestEngineWeb.afterClass]]>
            </line>
          </reporter-output>
        </test-method> <!-- afterClass -->
        <test-method is-config="true" signature="afterTest()[pri:0, instance:com.mobile.automation.scripts.JDendtoendflowwithAppium@6692b6c6]" started-at="2021-05-21T12:23:25Z" name="afterTest" finished-at="2021-05-21T12:23:26Z" duration-ms="1054" status="PASS">
          <reporter-output>
            <line>
              <![CDATA[Completed executing method  :- TestEngineWeb.afterTest]]>
            </line>
          </reporter-output>
        </test-method> <!-- afterTest -->
        <test-method is-config="true" signature="afterSuite()[pri:0, instance:com.mobile.automation.scripts.JDendtoendflowwithAppium@6692b6c6]" started-at="2021-05-21T12:23:26Z" name="afterSuite" finished-at="2021-05-21T12:23:27Z" duration-ms="348" status="FAIL">
          <exception class="java.lang.NoClassDefFoundError">
            <message>
              <![CDATA[javax/xml/bind/DatatypeConverter]]>
            </message>
            <full-stacktrace>
              <![CDATA[java.lang.NoClassDefFoundError: javax/xml/bind/DatatypeConverter
at net.lightbody.bmp.core.json.ISO8601WithTDZDateFormatter.serialize(ISO8601WithTDZDateFormatter.java:25)
at net.lightbody.bmp.core.json.ISO8601WithTDZDateFormatter.serialize(ISO8601WithTDZDateFormatter.java:1)
at com.fasterxml.jackson.databind.ser.BeanPropertyWriter.serializeAsField(BeanPropertyWriter.java:505)
at com.fasterxml.jackson.databind.ser.std.BeanSerializerBase.serializeFields(BeanSerializerBase.java:639)
at com.fasterxml.jackson.databind.ser.BeanSerializer.serialize(BeanSerializer.java:152)
at com.fasterxml.jackson.databind.ser.impl.IndexedListSerializer.serializeContents(IndexedListSerializer.java:100)
at com.fasterxml.jackson.databind.ser.impl.IndexedListSerializer.serializeContents(IndexedListSerializer.java:21)
at com.fasterxml.jackson.databind.ser.std.AsArraySerializerBase.serialize(AsArraySerializerBase.java:183)
at com.fasterxml.jackson.databind.ser.BeanPropertyWriter.serializeAsField(BeanPropertyWriter.java:505)
at com.fasterxml.jackson.databind.ser.std.BeanSerializerBase.serializeFields(BeanSerializerBase.java:639)
at com.fasterxml.jackson.databind.ser.BeanSerializer.serialize(BeanSerializer.java:152)
at com.fasterxml.jackson.databind.ser.BeanPropertyWriter.serializeAsField(BeanPropertyWriter.java:505)
at com.fasterxml.jackson.databind.ser.std.BeanSerializerBase.serializeFields(BeanSerializerBase.java:639)
at com.fasterxml.jackson.databind.ser.BeanSerializer.serialize(BeanSerializer.java:152)
at com.fasterxml.jackson.databind.ser.DefaultSerializerProvider.serializeValue(DefaultSerializerProvider.java:128)
at com.fasterxml.jackson.databind.ObjectMapper._configAndWriteValue(ObjectMapper.java:2881)
at com.fasterxml.jackson.databind.ObjectMapper.writeValue(ObjectMapper.java:2304)
at net.lightbody.bmp.core.har.Har.writeTo(Har.java:36)
at com.web.automation.bmp.BMP_Proxy_Controller.saveAPIHarLogToHarFile(BMP_Proxy_Controller.java:126)
at com.web.automation.accelerators.TestEngineWeb.afterSuite(TestEngineWeb.java:224)
at java.base/jdk.internal.reflect.NativeMethodAccessorImpl.invoke0(Native Method)
at java.base/jdk.internal.reflect.NativeMethodAccessorImpl.invoke(NativeMethodAccessorImpl.java:62)
at java.base/jdk.internal.reflect.DelegatingMethodAccessorImpl.invoke(DelegatingMethodAccessorImpl.java:43)
at java.base/java.lang.reflect.Method.invoke(Method.java:566)
at org.testng.internal.MethodInvocationHelper.invokeMethod(MethodInvocationHelper.java:124)
at org.testng.internal.MethodInvocationHelper.invokeMethodConsideringTimeout(MethodInvocationHelper.java:59)
at org.testng.internal.Invoker.invokeConfigurationMethod(Invoker.java:458)
at org.testng.internal.Invoker.invokeConfigurations(Invoker.java:222)
at org.testng.internal.Invoker.invokeConfigurations(Invoker.java:142)
at org.testng.SuiteRunner.privateRun(SuiteRunner.java:425)
at org.testng.SuiteRunner.run(SuiteRunner.java:364)
at org.testng.SuiteRunnerWorker.runSuite(SuiteRunnerWorker.java:52)
at org.testng.SuiteRunnerWorker.run(SuiteRunnerWorker.java:84)
at org.testng.TestNG.runSuitesSequentially(TestNG.java:1208)
at org.testng.TestNG.runSuitesLocally(TestNG.java:1137)
at org.testng.TestNG.runSuites(TestNG.java:1049)
at org.testng.TestNG.run(TestNG.java:1017)
at org.testng.remote.AbstractRemoteTestNG.run(AbstractRemoteTestNG.java:115)
at org.testng.remote.RemoteTestNG.initAndRun(RemoteTestNG.java:251)
at org.testng.remote.RemoteTestNG.main(RemoteTestNG.java:77)
Caused by: java.lang.ClassNotFoundException: javax.xml.bind.DatatypeConverter
at java.base/jdk.internal.loader.BuiltinClassLoader.loadClass(BuiltinClassLoader.java:583)
at java.base/jdk.internal.loader.ClassLoaders$AppClassLoader.loadClass(ClassLoaders.java:178)
at java.base/java.lang.ClassLoader.loadClass(ClassLoader.java:521)
... 40 more
]]>
            </full-stacktrace>
          </exception> <!-- java.lang.NoClassDefFoundError -->
          <reporter-output>
            <line>
              <![CDATA[Completed executing method  :- TestEngineWeb.afterSuite]]>
            </line>
          </reporter-output>
        </test-method> <!-- afterSuite -->
      </class> <!-- com.mobile.automation.scripts.JDendtoendflowwithAppium -->
    </test> <!-- Test-mobile-native -->
  </suite> <!-- Selenium-Automation -->
</testng-results>
